<?xml version="1.0" encoding="UTF-8"?>
<testng-results ignored="0" total="1" passed="1" failed="0" skipped="0">
  <reporter-output>
    <line>
      <![CDATA[Clicked on By.xpath: (//a[text()='Create An Account'])[1]]]>
    </line>
    <line>
      <![CDATA[Clicked on By.xpath: //*[text()='Are you an accredited investor?']/../../div[2]//span[text()='Yes']]]>
    </line>
    <line>
      <![CDATA[Clicked on By.xpath: //*[text()='I agree to the']/../../div[1]//div]]>
    </line>
    <line>
      <![CDATA[Clicked on By.xpath: //*[text()='I agree to the']/../../div[2]//div]]>
    </line>
  </reporter-output>
  <suite started-at="2021-04-25T21:22:11 IST" name="Suite" finished-at="2021-04-25T21:23:17 IST" duration-ms="66194">
    <groups>
    </groups>
    <test started-at="2021-04-25T21:22:11 IST" name="Regression Test 1" finished-at="2021-04-25T21:23:17 IST" duration-ms="66194">
      <class name="testcases.Test_001">
        <test-method is-config="true" signature="beforeClass(java.lang.String)[pri:0, instance:testcases.Test_001@1b1473ab]" started-at="2021-04-25T21:22:11 IST" name="beforeClass" finished-at="2021-04-25T21:22:15 IST" duration-ms="3757" status="PASS">
          <params>
            <param index="0">
              <value>
                <![CDATA[chrome]]>
              </value>
            </param>
          </params>
          <reporter-output>
          </reporter-output>
        </test-method> <!-- beforeClass -->
        <test-method signature="testcase()[pri:0, instance:testcases.Test_001@1b1473ab]" started-at="2021-04-25T21:22:15 IST" name="testcase" finished-at="2021-04-25T21:23:17 IST" duration-ms="62393" status="PASS">
          <reporter-output>
            <line>
              <![CDATA[Clicked on By.xpath: (//a[text()='Create An Account'])[1]]]>
            </line>
            <line>
              <![CDATA[Clicked on By.xpath: //*[text()='Are you an accredited investor?']/../../div[2]//span[text()='Yes']]]>
            </line>
            <line>
              <![CDATA[Clicked on By.xpath: //*[text()='I agree to the']/../../div[1]//div]]>
            </line>
            <line>
              <![CDATA[Clicked on By.xpath: //*[text()='I agree to the']/../../div[2]//div]]>
            </line>
          </reporter-output>
        </test-method> <!-- testcase -->
      </class> <!-- testcases.Test_001 -->
    </test> <!-- Regression Test 1 -->
  </suite> <!-- Suite -->
</testng-results>
